{"/Users/ronerlih/development/psycrop/scripts/imageAnalysis.js": {"path":"/Users/ronerlih/development/psycrop/scripts/imageAnalysis.js","statementMap":{"0":{"start":{"line":2,"column":15},"end":{"line":2,"column":33}},"1":{"start":{"line":3,"column":11},"end":{"line":3,"column":31}},"2":{"start":{"line":4,"column":13},"end":{"line":4,"column":28}},"3":{"start":{"line":12,"column":0},"end":{"line":420,"column":2}},"4":{"start":{"line":14,"column":8},"end":{"line":22,"column":10}},"5":{"start":{"line":25,"column":8},"end":{"line":272,"column":11}},"6":{"start":{"line":29,"column":36},"end":{"line":29,"column":37}},"7":{"start":{"line":30,"column":38},"end":{"line":30,"column":41}},"8":{"start":{"line":31,"column":37},"end":{"line":31,"column":40}},"9":{"start":{"line":33,"column":31},"end":{"line":33,"column":36}},"10":{"start":{"line":34,"column":36},"end":{"line":34,"column":39}},"11":{"start":{"line":35,"column":32},"end":{"line":35,"column":37}},"12":{"start":{"line":36,"column":37},"end":{"line":36,"column":40}},"13":{"start":{"line":37,"column":31},"end":{"line":37,"column":32}},"14":{"start":{"line":38,"column":35},"end":{"line":43,"column":13}},"15":{"start":{"line":44,"column":31},"end":{"line":44,"column":33}},"16":{"start":{"line":47,"column":35},"end":{"line":51,"column":7}},"17":{"start":{"line":54,"column":30},"end":{"line":54,"column":32}},"18":{"start":{"line":56,"column":12},"end":{"line":56,"column":30}},"19":{"start":{"line":57,"column":31},"end":{"line":57,"column":84}},"20":{"start":{"line":58,"column":22},"end":{"line":58,"column":34}},"21":{"start":{"line":59,"column":27},"end":{"line":59,"column":39}},"22":{"start":{"line":60,"column":29},"end":{"line":60,"column":41}},"23":{"start":{"line":65,"column":12},"end":{"line":77,"column":13}},"24":{"start":{"line":66,"column":30},"end":{"line":66,"column":52}},"25":{"start":{"line":68,"column":30},"end":{"line":68,"column":53}},"26":{"start":{"line":69,"column":16},"end":{"line":76,"column":19}},"27":{"start":{"line":79,"column":22},"end":{"line":79,"column":57}},"28":{"start":{"line":80,"column":27},"end":{"line":80,"column":87}},"29":{"start":{"line":81,"column":26},"end":{"line":81,"column":88}},"30":{"start":{"line":82,"column":29},"end":{"line":82,"column":40}},"31":{"start":{"line":85,"column":12},"end":{"line":85,"column":79}},"32":{"start":{"line":88,"column":12},"end":{"line":88,"column":57}},"33":{"start":{"line":102,"column":12},"end":{"line":102,"column":70}},"34":{"start":{"line":105,"column":12},"end":{"line":105,"column":80}},"35":{"start":{"line":108,"column":12},"end":{"line":108,"column":67}},"36":{"start":{"line":110,"column":12},"end":{"line":113,"column":13}},"37":{"start":{"line":112,"column":16},"end":{"line":112,"column":71}},"38":{"start":{"line":116,"column":12},"end":{"line":116,"column":54}},"39":{"start":{"line":118,"column":12},"end":{"line":118,"column":113}},"40":{"start":{"line":122,"column":12},"end":{"line":122,"column":98}},"41":{"start":{"line":123,"column":12},"end":{"line":123,"column":74}},"42":{"start":{"line":127,"column":12},"end":{"line":127,"column":121}},"43":{"start":{"line":129,"column":12},"end":{"line":132,"column":13}},"44":{"start":{"line":131,"column":16},"end":{"line":131,"column":86}},"45":{"start":{"line":136,"column":12},"end":{"line":136,"column":29}},"46":{"start":{"line":137,"column":34},"end":{"line":137,"column":36}},"47":{"start":{"line":138,"column":28},"end":{"line":138,"column":46}},"48":{"start":{"line":139,"column":12},"end":{"line":139,"column":44}},"49":{"start":{"line":140,"column":12},"end":{"line":142,"column":13}},"50":{"start":{"line":140,"column":36},"end":{"line":140,"column":37}},"51":{"start":{"line":141,"column":16},"end":{"line":141,"column":62}},"52":{"start":{"line":143,"column":12},"end":{"line":225,"column":15}},"53":{"start":{"line":145,"column":26},"end":{"line":145,"column":49}},"54":{"start":{"line":146,"column":33},"end":{"line":146,"column":51}},"55":{"start":{"line":149,"column":16},"end":{"line":149,"column":73}},"56":{"start":{"line":152,"column":16},"end":{"line":162,"column":17}},"57":{"start":{"line":153,"column":20},"end":{"line":153,"column":46}},"58":{"start":{"line":154,"column":20},"end":{"line":161,"column":21}},"59":{"start":{"line":155,"column":24},"end":{"line":155,"column":93}},"60":{"start":{"line":156,"column":24},"end":{"line":156,"column":201}},"61":{"start":{"line":158,"column":24},"end":{"line":158,"column":49}},"62":{"start":{"line":159,"column":24},"end":{"line":159,"column":49}},"63":{"start":{"line":165,"column":16},"end":{"line":165,"column":76}},"64":{"start":{"line":168,"column":16},"end":{"line":168,"column":68}},"65":{"start":{"line":174,"column":16},"end":{"line":174,"column":126}},"66":{"start":{"line":183,"column":16},"end":{"line":220,"column":17}},"67":{"start":{"line":184,"column":20},"end":{"line":206,"column":21}},"68":{"start":{"line":186,"column":28},"end":{"line":186,"column":58}},"69":{"start":{"line":187,"column":28},"end":{"line":187,"column":59}},"70":{"start":{"line":188,"column":28},"end":{"line":188,"column":59}},"71":{"start":{"line":189,"column":28},"end":{"line":189,"column":58}},"72":{"start":{"line":190,"column":28},"end":{"line":190,"column":34}},"73":{"start":{"line":192,"column":28},"end":{"line":192,"column":59}},"74":{"start":{"line":193,"column":28},"end":{"line":193,"column":58}},"75":{"start":{"line":194,"column":28},"end":{"line":194,"column":59}},"76":{"start":{"line":195,"column":28},"end":{"line":195,"column":58}},"77":{"start":{"line":197,"column":28},"end":{"line":197,"column":34}},"78":{"start":{"line":199,"column":28},"end":{"line":199,"column":59}},"79":{"start":{"line":200,"column":28},"end":{"line":200,"column":59}},"80":{"start":{"line":201,"column":28},"end":{"line":201,"column":58}},"81":{"start":{"line":202,"column":28},"end":{"line":202,"column":58}},"82":{"start":{"line":204,"column":28},"end":{"line":204,"column":34}},"83":{"start":{"line":207,"column":20},"end":{"line":217,"column":21}},"84":{"start":{"line":208,"column":24},"end":{"line":212,"column":25}},"85":{"start":{"line":209,"column":28},"end":{"line":209,"column":61}},"86":{"start":{"line":211,"column":28},"end":{"line":211,"column":43}},"87":{"start":{"line":213,"column":24},"end":{"line":216,"column":25}},"88":{"start":{"line":214,"column":28},"end":{"line":214,"column":81}},"89":{"start":{"line":219,"column":20},"end":{"line":219,"column":160}},"90":{"start":{"line":221,"column":16},"end":{"line":221,"column":33}},"91":{"start":{"line":222,"column":16},"end":{"line":222,"column":36}},"92":{"start":{"line":224,"column":16},"end":{"line":224,"column":27}},"93":{"start":{"line":226,"column":12},"end":{"line":229,"column":13}},"94":{"start":{"line":228,"column":16},"end":{"line":228,"column":90}},"95":{"start":{"line":233,"column":30},"end":{"line":233,"column":70}},"96":{"start":{"line":234,"column":12},"end":{"line":234,"column":121}},"97":{"start":{"line":235,"column":12},"end":{"line":235,"column":72}},"98":{"start":{"line":238,"column":12},"end":{"line":238,"column":96}},"99":{"start":{"line":241,"column":12},"end":{"line":241,"column":25}},"100":{"start":{"line":242,"column":12},"end":{"line":242,"column":30}},"101":{"start":{"line":243,"column":12},"end":{"line":243,"column":29}},"102":{"start":{"line":244,"column":12},"end":{"line":244,"column":25}},"103":{"start":{"line":245,"column":12},"end":{"line":245,"column":32}},"104":{"start":{"line":246,"column":12},"end":{"line":246,"column":30}},"105":{"start":{"line":247,"column":12},"end":{"line":247,"column":32}},"106":{"start":{"line":248,"column":12},"end":{"line":248,"column":34}},"107":{"start":{"line":250,"column":12},"end":{"line":264,"column":15}},"108":{"start":{"line":267,"column":16},"end":{"line":270,"column":18}},"109":{"start":{"line":277,"column":40},"end":{"line":277,"column":42}},"110":{"start":{"line":284,"column":34},"end":{"line":284,"column":66}},"111":{"start":{"line":287,"column":12},"end":{"line":287,"column":123}},"112":{"start":{"line":290,"column":12},"end":{"line":291,"column":49}},"113":{"start":{"line":292,"column":12},"end":{"line":293,"column":77}},"114":{"start":{"line":296,"column":12},"end":{"line":296,"column":74}},"115":{"start":{"line":297,"column":12},"end":{"line":298,"column":77}},"116":{"start":{"line":301,"column":12},"end":{"line":303,"column":62}},"117":{"start":{"line":304,"column":14},"end":{"line":305,"column":77}},"118":{"start":{"line":308,"column":12},"end":{"line":310,"column":64}},"119":{"start":{"line":311,"column":12},"end":{"line":312,"column":77}},"120":{"start":{"line":315,"column":12},"end":{"line":315,"column":80}},"121":{"start":{"line":316,"column":12},"end":{"line":317,"column":77}},"122":{"start":{"line":320,"column":12},"end":{"line":320,"column":84}},"123":{"start":{"line":321,"column":12},"end":{"line":322,"column":77}},"124":{"start":{"line":325,"column":12},"end":{"line":325,"column":80}},"125":{"start":{"line":326,"column":12},"end":{"line":327,"column":77}},"126":{"start":{"line":330,"column":12},"end":{"line":330,"column":84}},"127":{"start":{"line":331,"column":12},"end":{"line":332,"column":77}},"128":{"start":{"line":335,"column":12},"end":{"line":336,"column":61}},"129":{"start":{"line":338,"column":12},"end":{"line":339,"column":61}},"130":{"start":{"line":342,"column":12},"end":{"line":343,"column":69}},"131":{"start":{"line":346,"column":12},"end":{"line":348,"column":101}},"132":{"start":{"line":348,"column":40},"end":{"line":348,"column":81}},"133":{"start":{"line":348,"column":82},"end":{"line":348,"column":95}},"134":{"start":{"line":360,"column":12},"end":{"line":360,"column":41}},"135":{"start":{"line":364,"column":20},"end":{"line":364,"column":23}},"136":{"start":{"line":365,"column":20},"end":{"line":365,"column":23}},"137":{"start":{"line":366,"column":20},"end":{"line":366,"column":23}},"138":{"start":{"line":367,"column":20},"end":{"line":367,"column":23}},"139":{"start":{"line":369,"column":10},"end":{"line":369,"column":108}},"140":{"start":{"line":373,"column":23},"end":{"line":373,"column":24}},"141":{"start":{"line":374,"column":10},"end":{"line":379,"column":27}},"142":{"start":{"line":375,"column":27},"end":{"line":375,"column":85}},"143":{"start":{"line":377,"column":14},"end":{"line":377,"column":34}},"144":{"start":{"line":378,"column":14},"end":{"line":378,"column":49}},"145":{"start":{"line":383,"column":10},"end":{"line":388,"column":58}},"146":{"start":{"line":384,"column":27},"end":{"line":384,"column":64}},"147":{"start":{"line":386,"column":14},"end":{"line":386,"column":132}},"148":{"start":{"line":386,"column":62},"end":{"line":386,"column":132}},"149":{"start":{"line":387,"column":14},"end":{"line":387,"column":25}},"150":{"start":{"line":392,"column":32},"end":{"line":392,"column":108}},"151":{"start":{"line":394,"column":23},"end":{"line":394,"column":139}},"152":{"start":{"line":395,"column":12},"end":{"line":395,"column":60}},"153":{"start":{"line":399,"column":30},"end":{"line":399,"column":106}},"154":{"start":{"line":400,"column":10},"end":{"line":400,"column":54}},"155":{"start":{"line":403,"column":12},"end":{"line":417,"column":15}},"156":{"start":{"line":404,"column":16},"end":{"line":416,"column":17}},"157":{"start":{"line":405,"column":20},"end":{"line":409,"column":54}},"158":{"start":{"line":411,"column":20},"end":{"line":411,"column":37}},"159":{"start":{"line":413,"column":20},"end":{"line":413,"column":50}},"160":{"start":{"line":414,"column":20},"end":{"line":414,"column":35}},"161":{"start":{"line":415,"column":20},"end":{"line":415,"column":30}}},"fnMap":{"0":{"name":"(anonymous_0)","decl":{"start":{"line":13,"column":19},"end":{"line":13,"column":20}},"loc":{"start":{"line":13,"column":31},"end":{"line":23,"column":5}},"line":13},"1":{"name":"(anonymous_1)","decl":{"start":{"line":24,"column":18},"end":{"line":24,"column":19}},"loc":{"start":{"line":24,"column":62},"end":{"line":419,"column":5}},"line":24},"2":{"name":"(anonymous_2)","decl":{"start":{"line":25,"column":27},"end":{"line":25,"column":28}},"loc":{"start":{"line":25,"column":54},"end":{"line":272,"column":9}},"line":25},"3":{"name":"(anonymous_3)","decl":{"start":{"line":143,"column":32},"end":{"line":143,"column":33}},"loc":{"start":{"line":143,"column":59},"end":{"line":225,"column":13}},"line":143},"4":{"name":"weightedAverageThree","decl":{"start":{"line":266,"column":21},"end":{"line":266,"column":41}},"loc":{"start":{"line":266,"column":78},"end":{"line":271,"column":13}},"line":266},"5":{"name":"getDistances","decl":{"start":{"line":274,"column":23},"end":{"line":274,"column":35}},"loc":{"start":{"line":274,"column":54},"end":{"line":361,"column":9}},"line":274},"6":{"name":"(anonymous_6)","decl":{"start":{"line":348,"column":22},"end":{"line":348,"column":23}},"loc":{"start":{"line":348,"column":39},"end":{"line":348,"column":96}},"line":348},"7":{"name":"getWeightedAverageAestheticScore","decl":{"start":{"line":363,"column":17},"end":{"line":363,"column":49}},"loc":{"start":{"line":363,"column":63},"end":{"line":370,"column":9}},"line":363},"8":{"name":"getAverageAestheticScore","decl":{"start":{"line":372,"column":17},"end":{"line":372,"column":41}},"loc":{"start":{"line":372,"column":55},"end":{"line":380,"column":9}},"line":372},"9":{"name":"(anonymous_9)","decl":{"start":{"line":375,"column":20},"end":{"line":375,"column":21}},"loc":{"start":{"line":375,"column":27},"end":{"line":375,"column":85}},"line":375},"10":{"name":"(anonymous_10)","decl":{"start":{"line":376,"column":20},"end":{"line":376,"column":21}},"loc":{"start":{"line":376,"column":45},"end":{"line":379,"column":13}},"line":376},"11":{"name":"getHighestAestheticScore","decl":{"start":{"line":382,"column":17},"end":{"line":382,"column":41}},"loc":{"start":{"line":382,"column":55},"end":{"line":390,"column":9}},"line":382},"12":{"name":"(anonymous_12)","decl":{"start":{"line":384,"column":20},"end":{"line":384,"column":21}},"loc":{"start":{"line":384,"column":27},"end":{"line":384,"column":64}},"line":384},"13":{"name":"(anonymous_13)","decl":{"start":{"line":385,"column":20},"end":{"line":385,"column":21}},"loc":{"start":{"line":385,"column":38},"end":{"line":388,"column":13}},"line":385},"14":{"name":"calcBalancePercentage","decl":{"start":{"line":391,"column":17},"end":{"line":391,"column":38}},"loc":{"start":{"line":391,"column":51},"end":{"line":396,"column":9}},"line":391},"15":{"name":"calcDistancePercentage","decl":{"start":{"line":398,"column":17},"end":{"line":398,"column":39}},"loc":{"start":{"line":398,"column":55},"end":{"line":401,"column":7}},"line":398},"16":{"name":"saveImg","decl":{"start":{"line":402,"column":23},"end":{"line":402,"column":30}},"loc":{"start":{"line":402,"column":45},"end":{"line":418,"column":9}},"line":402},"17":{"name":"(anonymous_17)","decl":{"start":{"line":403,"column":31},"end":{"line":403,"column":32}},"loc":{"start":{"line":403,"column":52},"end":{"line":417,"column":13}},"line":403}},"branchMap":{"0":{"loc":{"start":{"line":110,"column":12},"end":{"line":113,"column":13}},"type":"if","locations":[{"start":{"line":110,"column":12},"end":{"line":113,"column":13}},{"start":{"line":110,"column":12},"end":{"line":113,"column":13}}],"line":110},"1":{"loc":{"start":{"line":129,"column":12},"end":{"line":132,"column":13}},"type":"if","locations":[{"start":{"line":129,"column":12},"end":{"line":132,"column":13}},{"start":{"line":129,"column":12},"end":{"line":132,"column":13}}],"line":129},"2":{"loc":{"start":{"line":152,"column":16},"end":{"line":162,"column":17}},"type":"if","locations":[{"start":{"line":152,"column":16},"end":{"line":162,"column":17}},{"start":{"line":152,"column":16},"end":{"line":162,"column":17}}],"line":152},"3":{"loc":{"start":{"line":154,"column":20},"end":{"line":161,"column":21}},"type":"if","locations":[{"start":{"line":154,"column":20},"end":{"line":161,"column":21}},{"start":{"line":154,"column":20},"end":{"line":161,"column":21}}],"line":154},"4":{"loc":{"start":{"line":183,"column":16},"end":{"line":220,"column":17}},"type":"if","locations":[{"start":{"line":183,"column":16},"end":{"line":220,"column":17}},{"start":{"line":183,"column":16},"end":{"line":220,"column":17}}],"line":183},"5":{"loc":{"start":{"line":184,"column":20},"end":{"line":206,"column":21}},"type":"switch","locations":[{"start":{"line":185,"column":24},"end":{"line":190,"column":34}},{"start":{"line":191,"column":24},"end":{"line":197,"column":34}},{"start":{"line":198,"column":24},"end":{"line":204,"column":34}},{"start":{"line":205,"column":24},"end":{"line":205,"column":32}}],"line":184},"6":{"loc":{"start":{"line":207,"column":20},"end":{"line":217,"column":21}},"type":"if","locations":[{"start":{"line":207,"column":20},"end":{"line":217,"column":21}},{"start":{"line":207,"column":20},"end":{"line":217,"column":21}}],"line":207},"7":{"loc":{"start":{"line":213,"column":24},"end":{"line":216,"column":25}},"type":"if","locations":[{"start":{"line":213,"column":24},"end":{"line":216,"column":25}},{"start":{"line":213,"column":24},"end":{"line":216,"column":25}}],"line":213},"8":{"loc":{"start":{"line":226,"column":12},"end":{"line":229,"column":13}},"type":"if","locations":[{"start":{"line":226,"column":12},"end":{"line":229,"column":13}},{"start":{"line":226,"column":12},"end":{"line":229,"column":13}}],"line":226},"9":{"loc":{"start":{"line":375,"column":27},"end":{"line":375,"column":85}},"type":"binary-expr","locations":[{"start":{"line":375,"column":27},"end":{"line":375,"column":64}},{"start":{"line":375,"column":68},"end":{"line":375,"column":85}}],"line":375},"10":{"loc":{"start":{"line":386,"column":14},"end":{"line":386,"column":132}},"type":"if","locations":[{"start":{"line":386,"column":14},"end":{"line":386,"column":132}},{"start":{"line":386,"column":14},"end":{"line":386,"column":132}}],"line":386}},"s":{"0":1,"1":1,"2":1,"3":1,"4":1,"5":0,"6":0,"7":0,"8":0,"9":0,"10":0,"11":0,"12":0,"13":0,"14":0,"15":0,"16":0,"17":0,"18":0,"19":0,"20":0,"21":0,"22":0,"23":0,"24":0,"25":0,"26":0,"27":0,"28":0,"29":0,"30":0,"31":0,"32":0,"33":0,"34":0,"35":0,"36":0,"37":0,"38":0,"39":0,"40":0,"41":0,"42":0,"43":0,"44":0,"45":0,"46":0,"47":0,"48":0,"49":0,"50":0,"51":0,"52":0,"53":0,"54":0,"55":0,"56":0,"57":0,"58":0,"59":0,"60":0,"61":0,"62":0,"63":0,"64":0,"65":0,"66":0,"67":0,"68":0,"69":0,"70":0,"71":0,"72":0,"73":0,"74":0,"75":0,"76":0,"77":0,"78":0,"79":0,"80":0,"81":0,"82":0,"83":0,"84":0,"85":0,"86":0,"87":0,"88":0,"89":0,"90":0,"91":0,"92":0,"93":0,"94":0,"95":0,"96":0,"97":0,"98":0,"99":0,"100":0,"101":0,"102":0,"103":0,"104":0,"105":0,"106":0,"107":0,"108":0,"109":0,"110":0,"111":0,"112":0,"113":0,"114":0,"115":0,"116":0,"117":0,"118":0,"119":0,"120":0,"121":0,"122":0,"123":0,"124":0,"125":0,"126":0,"127":0,"128":0,"129":0,"130":0,"131":0,"132":0,"133":0,"134":0,"135":0,"136":0,"137":0,"138":0,"139":0,"140":0,"141":0,"142":0,"143":0,"144":0,"145":0,"146":0,"147":0,"148":0,"149":0,"150":0,"151":0,"152":0,"153":0,"154":0,"155":0,"156":0,"157":0,"158":0,"159":0,"160":0,"161":0},"f":{"0":1,"1":0,"2":0,"3":0,"4":0,"5":0,"6":0,"7":0,"8":0,"9":0,"10":0,"11":0,"12":0,"13":0,"14":0,"15":0,"16":0,"17":0},"b":{"0":[0,0],"1":[0,0],"2":[0,0],"3":[0,0],"4":[0,0],"5":[0,0,0,0],"6":[0,0],"7":[0,0],"8":[0,0],"9":[0,0],"10":[0,0]},"_coverageSchema":"1a1c01bbd47fc00a2c39e90264f33305004495a9","hash":"c12ceddafe0851f21cab9c33297757e9915b70dc"}
}
