{"/Users/ronerlih/development/psycrop/scripts/imageAnalysis.js": {"path":"/Users/ronerlih/development/psycrop/scripts/imageAnalysis.js","statementMap":{"0":{"start":{"line":2,"column":15},"end":{"line":2,"column":33}},"1":{"start":{"line":3,"column":11},"end":{"line":3,"column":31}},"2":{"start":{"line":4,"column":13},"end":{"line":4,"column":28}},"3":{"start":{"line":11,"column":20},"end":{"line":11,"column":24}},"4":{"start":{"line":13,"column":0},"end":{"line":496,"column":2}},"5":{"start":{"line":15,"column":2},"end":{"line":24,"column":4}},"6":{"start":{"line":27,"column":2},"end":{"line":298,"column":5}},"7":{"start":{"line":30,"column":27},"end":{"line":30,"column":28}},"8":{"start":{"line":31,"column":29},"end":{"line":31,"column":32}},"9":{"start":{"line":32,"column":28},"end":{"line":32,"column":31}},"10":{"start":{"line":34,"column":22},"end":{"line":34,"column":27}},"11":{"start":{"line":35,"column":27},"end":{"line":35,"column":30}},"12":{"start":{"line":36,"column":23},"end":{"line":36,"column":28}},"13":{"start":{"line":37,"column":28},"end":{"line":37,"column":31}},"14":{"start":{"line":38,"column":22},"end":{"line":38,"column":23}},"15":{"start":{"line":39,"column":26},"end":{"line":44,"column":4}},"16":{"start":{"line":45,"column":22},"end":{"line":45,"column":24}},"17":{"start":{"line":48,"column":26},"end":{"line":52,"column":13}},"18":{"start":{"line":55,"column":21},"end":{"line":55,"column":23}},"19":{"start":{"line":57,"column":3},"end":{"line":57,"column":21}},"20":{"start":{"line":58,"column":22},"end":{"line":58,"column":75}},"21":{"start":{"line":59,"column":13},"end":{"line":59,"column":25}},"22":{"start":{"line":60,"column":18},"end":{"line":60,"column":30}},"23":{"start":{"line":61,"column":20},"end":{"line":61,"column":32}},"24":{"start":{"line":66,"column":3},"end":{"line":78,"column":4}},"25":{"start":{"line":67,"column":18},"end":{"line":67,"column":40}},"26":{"start":{"line":69,"column":18},"end":{"line":69,"column":41}},"27":{"start":{"line":70,"column":4},"end":{"line":77,"column":7}},"28":{"start":{"line":80,"column":13},"end":{"line":80,"column":48}},"29":{"start":{"line":82,"column":18},"end":{"line":82,"column":78}},"30":{"start":{"line":83,"column":17},"end":{"line":83,"column":79}},"31":{"start":{"line":84,"column":20},"end":{"line":84,"column":31}},"32":{"start":{"line":86,"column":3},"end":{"line":86,"column":70}},"33":{"start":{"line":89,"column":3},"end":{"line":89,"column":48}},"34":{"start":{"line":103,"column":3},"end":{"line":103,"column":61}},"35":{"start":{"line":106,"column":3},"end":{"line":106,"column":71}},"36":{"start":{"line":109,"column":3},"end":{"line":109,"column":58}},"37":{"start":{"line":111,"column":3},"end":{"line":114,"column":4}},"38":{"start":{"line":112,"column":4},"end":{"line":112,"column":54}},"39":{"start":{"line":113,"column":4},"end":{"line":113,"column":59}},"40":{"start":{"line":117,"column":3},"end":{"line":117,"column":45}},"41":{"start":{"line":119,"column":3},"end":{"line":119,"column":104}},"42":{"start":{"line":123,"column":3},"end":{"line":123,"column":89}},"43":{"start":{"line":124,"column":3},"end":{"line":124,"column":65}},"44":{"start":{"line":128,"column":3},"end":{"line":128,"column":112}},"45":{"start":{"line":130,"column":3},"end":{"line":133,"column":4}},"46":{"start":{"line":131,"column":4},"end":{"line":131,"column":64}},"47":{"start":{"line":132,"column":4},"end":{"line":132,"column":74}},"48":{"start":{"line":137,"column":3},"end":{"line":137,"column":20}},"49":{"start":{"line":138,"column":25},"end":{"line":138,"column":27}},"50":{"start":{"line":139,"column":19},"end":{"line":139,"column":37}},"51":{"start":{"line":140,"column":3},"end":{"line":140,"column":35}},"52":{"start":{"line":141,"column":3},"end":{"line":143,"column":4}},"53":{"start":{"line":142,"column":4},"end":{"line":142,"column":50}},"54":{"start":{"line":144,"column":3},"end":{"line":223,"column":6}},"55":{"start":{"line":146,"column":14},"end":{"line":146,"column":37}},"56":{"start":{"line":147,"column":21},"end":{"line":147,"column":39}},"57":{"start":{"line":150,"column":4},"end":{"line":150,"column":61}},"58":{"start":{"line":153,"column":4},"end":{"line":163,"column":5}},"59":{"start":{"line":154,"column":5},"end":{"line":154,"column":31}},"60":{"start":{"line":155,"column":5},"end":{"line":162,"column":6}},"61":{"start":{"line":156,"column":6},"end":{"line":156,"column":75}},"62":{"start":{"line":157,"column":6},"end":{"line":157,"column":105}},"63":{"start":{"line":159,"column":6},"end":{"line":159,"column":31}},"64":{"start":{"line":160,"column":6},"end":{"line":160,"column":31}},"65":{"start":{"line":166,"column":4},"end":{"line":166,"column":64}},"66":{"start":{"line":169,"column":4},"end":{"line":169,"column":56}},"67":{"start":{"line":175,"column":4},"end":{"line":175,"column":113}},"68":{"start":{"line":176,"column":4},"end":{"line":176,"column":165}},"69":{"start":{"line":184,"column":4},"end":{"line":218,"column":5}},"70":{"start":{"line":185,"column":5},"end":{"line":205,"column":6}},"71":{"start":{"line":187,"column":7},"end":{"line":187,"column":37}},"72":{"start":{"line":188,"column":7},"end":{"line":188,"column":38}},"73":{"start":{"line":189,"column":7},"end":{"line":189,"column":38}},"74":{"start":{"line":190,"column":7},"end":{"line":190,"column":37}},"75":{"start":{"line":191,"column":7},"end":{"line":191,"column":13}},"76":{"start":{"line":193,"column":7},"end":{"line":193,"column":38}},"77":{"start":{"line":194,"column":7},"end":{"line":194,"column":37}},"78":{"start":{"line":195,"column":7},"end":{"line":195,"column":38}},"79":{"start":{"line":196,"column":7},"end":{"line":196,"column":37}},"80":{"start":{"line":198,"column":7},"end":{"line":198,"column":13}},"81":{"start":{"line":200,"column":7},"end":{"line":200,"column":38}},"82":{"start":{"line":201,"column":7},"end":{"line":201,"column":38}},"83":{"start":{"line":202,"column":7},"end":{"line":202,"column":37}},"84":{"start":{"line":203,"column":7},"end":{"line":203,"column":37}},"85":{"start":{"line":204,"column":7},"end":{"line":204,"column":13}},"86":{"start":{"line":206,"column":5},"end":{"line":216,"column":6}},"87":{"start":{"line":207,"column":6},"end":{"line":211,"column":7}},"88":{"start":{"line":208,"column":7},"end":{"line":208,"column":40}},"89":{"start":{"line":210,"column":7},"end":{"line":210,"column":22}},"90":{"start":{"line":212,"column":6},"end":{"line":215,"column":7}},"91":{"start":{"line":213,"column":7},"end":{"line":213,"column":60}},"92":{"start":{"line":214,"column":7},"end":{"line":214,"column":98}},"93":{"start":{"line":217,"column":5},"end":{"line":217,"column":145}},"94":{"start":{"line":219,"column":4},"end":{"line":219,"column":21}},"95":{"start":{"line":220,"column":4},"end":{"line":220,"column":24}},"96":{"start":{"line":222,"column":4},"end":{"line":222,"column":15}},"97":{"start":{"line":224,"column":3},"end":{"line":227,"column":4}},"98":{"start":{"line":225,"column":4},"end":{"line":225,"column":59}},"99":{"start":{"line":226,"column":4},"end":{"line":226,"column":78}},"100":{"start":{"line":230,"column":21},"end":{"line":230,"column":61}},"101":{"start":{"line":231,"column":3},"end":{"line":231,"column":112}},"102":{"start":{"line":232,"column":3},"end":{"line":232,"column":63}},"103":{"start":{"line":235,"column":3},"end":{"line":235,"column":87}},"104":{"start":{"line":236,"column":3},"end":{"line":236,"column":87}},"105":{"start":{"line":239,"column":3},"end":{"line":239,"column":16}},"106":{"start":{"line":240,"column":3},"end":{"line":240,"column":21}},"107":{"start":{"line":241,"column":3},"end":{"line":241,"column":20}},"108":{"start":{"line":242,"column":3},"end":{"line":242,"column":16}},"109":{"start":{"line":243,"column":3},"end":{"line":243,"column":23}},"110":{"start":{"line":244,"column":3},"end":{"line":244,"column":21}},"111":{"start":{"line":245,"column":3},"end":{"line":245,"column":23}},"112":{"start":{"line":246,"column":3},"end":{"line":246,"column":25}},"113":{"start":{"line":248,"column":3},"end":{"line":287,"column":9}},"114":{"start":{"line":290,"column":4},"end":{"line":290,"column":38}},"115":{"start":{"line":293,"column":4},"end":{"line":296,"column":6}},"116":{"start":{"line":303,"column":31},"end":{"line":303,"column":33}},"117":{"start":{"line":310,"column":25},"end":{"line":310,"column":59}},"118":{"start":{"line":313,"column":3},"end":{"line":313,"column":114}},"119":{"start":{"line":316,"column":3},"end":{"line":316,"column":69}},"120":{"start":{"line":317,"column":3},"end":{"line":317,"column":110}},"121":{"start":{"line":320,"column":3},"end":{"line":320,"column":69}},"122":{"start":{"line":321,"column":3},"end":{"line":321,"column":110}},"123":{"start":{"line":324,"column":3},"end":{"line":324,"column":155}},"124":{"start":{"line":325,"column":3},"end":{"line":325,"column":110}},"125":{"start":{"line":328,"column":3},"end":{"line":328,"column":146}},"126":{"start":{"line":329,"column":3},"end":{"line":329,"column":110}},"127":{"start":{"line":332,"column":3},"end":{"line":332,"column":69}},"128":{"start":{"line":333,"column":3},"end":{"line":333,"column":110}},"129":{"start":{"line":336,"column":3},"end":{"line":336,"column":75}},"130":{"start":{"line":337,"column":3},"end":{"line":337,"column":110}},"131":{"start":{"line":340,"column":3},"end":{"line":340,"column":69}},"132":{"start":{"line":341,"column":3},"end":{"line":341,"column":110}},"133":{"start":{"line":344,"column":3},"end":{"line":344,"column":75}},"134":{"start":{"line":345,"column":3},"end":{"line":345,"column":110}},"135":{"start":{"line":348,"column":3},"end":{"line":348,"column":88}},"136":{"start":{"line":349,"column":3},"end":{"line":349,"column":158}},"137":{"start":{"line":352,"column":3},"end":{"line":352,"column":156}},"138":{"start":{"line":353,"column":3},"end":{"line":353,"column":166}},"139":{"start":{"line":356,"column":3},"end":{"line":356,"column":86}},"140":{"start":{"line":357,"column":3},"end":{"line":357,"column":138}},"141":{"start":{"line":360,"column":3},"end":{"line":360,"column":103}},"142":{"start":{"line":361,"column":3},"end":{"line":361,"column":147}},"143":{"start":{"line":364,"column":3},"end":{"line":364,"column":192}},"144":{"start":{"line":367,"column":3},"end":{"line":372,"column":11}},"145":{"start":{"line":370,"column":5},"end":{"line":370,"column":46}},"146":{"start":{"line":371,"column":5},"end":{"line":371,"column":19}},"147":{"start":{"line":384,"column":3},"end":{"line":384,"column":32}},"148":{"start":{"line":388,"column":3},"end":{"line":409,"column":4}},"149":{"start":{"line":390,"column":5},"end":{"line":390,"column":30}},"150":{"start":{"line":392,"column":5},"end":{"line":392,"column":32}},"151":{"start":{"line":394,"column":5},"end":{"line":394,"column":34}},"152":{"start":{"line":396,"column":5},"end":{"line":396,"column":35}},"153":{"start":{"line":398,"column":5},"end":{"line":398,"column":35}},"154":{"start":{"line":400,"column":5},"end":{"line":400,"column":40}},"155":{"start":{"line":402,"column":5},"end":{"line":402,"column":40}},"156":{"start":{"line":404,"column":5},"end":{"line":404,"column":40}},"157":{"start":{"line":406,"column":5},"end":{"line":406,"column":40}},"158":{"start":{"line":408,"column":5},"end":{"line":408,"column":16}},"159":{"start":{"line":413,"column":13},"end":{"line":413,"column":16}},"160":{"start":{"line":414,"column":13},"end":{"line":414,"column":16}},"161":{"start":{"line":415,"column":13},"end":{"line":415,"column":16}},"162":{"start":{"line":416,"column":13},"end":{"line":416,"column":16}},"163":{"start":{"line":418,"column":27},"end":{"line":420,"column":54}},"164":{"start":{"line":419,"column":21},"end":{"line":419,"column":64}},"165":{"start":{"line":420,"column":20},"end":{"line":420,"column":53}},"166":{"start":{"line":422,"column":3},"end":{"line":422,"column":164}},"167":{"start":{"line":426,"column":16},"end":{"line":426,"column":17}},"168":{"start":{"line":427,"column":3},"end":{"line":434,"column":5}},"169":{"start":{"line":429,"column":22},"end":{"line":429,"column":65}},"170":{"start":{"line":431,"column":6},"end":{"line":431,"column":26}},"171":{"start":{"line":432,"column":6},"end":{"line":432,"column":53}},"172":{"start":{"line":438,"column":3},"end":{"line":446,"column":6}},"173":{"start":{"line":439,"column":21},"end":{"line":439,"column":64}},"174":{"start":{"line":442,"column":6},"end":{"line":442,"column":126}},"175":{"start":{"line":442,"column":60},"end":{"line":442,"column":126}},"176":{"start":{"line":443,"column":6},"end":{"line":443,"column":17}},"177":{"start":{"line":450,"column":3},"end":{"line":458,"column":6}},"178":{"start":{"line":451,"column":21},"end":{"line":451,"column":88}},"179":{"start":{"line":454,"column":6},"end":{"line":454,"column":126}},"180":{"start":{"line":454,"column":60},"end":{"line":454,"column":126}},"181":{"start":{"line":455,"column":6},"end":{"line":455,"column":17}},"182":{"start":{"line":462,"column":23},"end":{"line":462,"column":99}},"183":{"start":{"line":463,"column":3},"end":{"line":463,"column":47}},"184":{"start":{"line":467,"column":23},"end":{"line":467,"column":99}},"185":{"start":{"line":469,"column":14},"end":{"line":469,"column":130}},"186":{"start":{"line":470,"column":3},"end":{"line":470,"column":51}},"187":{"start":{"line":474,"column":3},"end":{"line":493,"column":6}},"188":{"start":{"line":475,"column":4},"end":{"line":492,"column":5}},"189":{"start":{"line":476,"column":5},"end":{"line":487,"column":6}},"190":{"start":{"line":477,"column":6},"end":{"line":481,"column":40}},"191":{"start":{"line":484,"column":6},"end":{"line":484,"column":23}},"192":{"start":{"line":486,"column":6},"end":{"line":486,"column":16}},"193":{"start":{"line":489,"column":5},"end":{"line":489,"column":35}},"194":{"start":{"line":490,"column":5},"end":{"line":490,"column":20}},"195":{"start":{"line":491,"column":5},"end":{"line":491,"column":15}}},"fnMap":{"0":{"name":"(anonymous_0)","decl":{"start":{"line":14,"column":16},"end":{"line":14,"column":17}},"loc":{"start":{"line":14,"column":27},"end":{"line":25,"column":2}},"line":14},"1":{"name":"(anonymous_1)","decl":{"start":{"line":26,"column":15},"end":{"line":26,"column":16}},"loc":{"start":{"line":26,"column":58},"end":{"line":495,"column":2}},"line":26},"2":{"name":"(anonymous_2)","decl":{"start":{"line":27,"column":21},"end":{"line":27,"column":22}},"loc":{"start":{"line":27,"column":48},"end":{"line":298,"column":3}},"line":27},"3":{"name":"(anonymous_3)","decl":{"start":{"line":144,"column":23},"end":{"line":144,"column":24}},"loc":{"start":{"line":144,"column":50},"end":{"line":223,"column":4}},"line":144},"4":{"name":"setPrecision","decl":{"start":{"line":289,"column":12},"end":{"line":289,"column":24}},"loc":{"start":{"line":289,"column":41},"end":{"line":291,"column":4}},"line":289},"5":{"name":"weightedAverageThree","decl":{"start":{"line":292,"column":12},"end":{"line":292,"column":32}},"loc":{"start":{"line":292,"column":69},"end":{"line":297,"column":4}},"line":292},"6":{"name":"getDistances","decl":{"start":{"line":300,"column":17},"end":{"line":300,"column":29}},"loc":{"start":{"line":300,"column":48},"end":{"line":385,"column":3}},"line":300},"7":{"name":"(anonymous_7)","decl":{"start":{"line":369,"column":12},"end":{"line":369,"column":13}},"loc":{"start":{"line":369,"column":29},"end":{"line":372,"column":5}},"line":369},"8":{"name":"mapDistancesName","decl":{"start":{"line":387,"column":11},"end":{"line":387,"column":27}},"loc":{"start":{"line":387,"column":42},"end":{"line":410,"column":3}},"line":387},"9":{"name":"getWeightedAverageDistance","decl":{"start":{"line":412,"column":11},"end":{"line":412,"column":37}},"loc":{"start":{"line":412,"column":52},"end":{"line":423,"column":3}},"line":412},"10":{"name":"(anonymous_10)","decl":{"start":{"line":419,"column":12},"end":{"line":419,"column":13}},"loc":{"start":{"line":419,"column":21},"end":{"line":419,"column":64}},"line":419},"11":{"name":"(anonymous_11)","decl":{"start":{"line":420,"column":10},"end":{"line":420,"column":11}},"loc":{"start":{"line":420,"column":20},"end":{"line":420,"column":53}},"line":420},"12":{"name":"getAverageDistance","decl":{"start":{"line":425,"column":11},"end":{"line":425,"column":29}},"loc":{"start":{"line":425,"column":44},"end":{"line":435,"column":3}},"line":425},"13":{"name":"(anonymous_13)","decl":{"start":{"line":429,"column":13},"end":{"line":429,"column":14}},"loc":{"start":{"line":429,"column":22},"end":{"line":429,"column":65}},"line":429},"14":{"name":"(anonymous_14)","decl":{"start":{"line":430,"column":13},"end":{"line":430,"column":14}},"loc":{"start":{"line":430,"column":39},"end":{"line":433,"column":6}},"line":430},"15":{"name":"getShortestDistance","decl":{"start":{"line":437,"column":11},"end":{"line":437,"column":30}},"loc":{"start":{"line":437,"column":45},"end":{"line":447,"column":3}},"line":437},"16":{"name":"(anonymous_16)","decl":{"start":{"line":439,"column":12},"end":{"line":439,"column":13}},"loc":{"start":{"line":439,"column":21},"end":{"line":439,"column":64}},"line":439},"17":{"name":"(anonymous_17)","decl":{"start":{"line":441,"column":5},"end":{"line":441,"column":6}},"loc":{"start":{"line":441,"column":23},"end":{"line":444,"column":6}},"line":441},"18":{"name":"getSecondShortestDistance","decl":{"start":{"line":449,"column":11},"end":{"line":449,"column":36}},"loc":{"start":{"line":449,"column":65},"end":{"line":459,"column":3}},"line":449},"19":{"name":"(anonymous_19)","decl":{"start":{"line":451,"column":12},"end":{"line":451,"column":13}},"loc":{"start":{"line":451,"column":21},"end":{"line":451,"column":88}},"line":451},"20":{"name":"(anonymous_20)","decl":{"start":{"line":453,"column":5},"end":{"line":453,"column":6}},"loc":{"start":{"line":453,"column":23},"end":{"line":456,"column":6}},"line":453},"21":{"name":"calcDistancePercentage","decl":{"start":{"line":461,"column":11},"end":{"line":461,"column":33}},"loc":{"start":{"line":461,"column":49},"end":{"line":464,"column":3}},"line":461},"22":{"name":"calcBalancePercentage","decl":{"start":{"line":466,"column":11},"end":{"line":466,"column":32}},"loc":{"start":{"line":466,"column":45},"end":{"line":471,"column":3}},"line":466},"23":{"name":"saveImg","decl":{"start":{"line":473,"column":17},"end":{"line":473,"column":24}},"loc":{"start":{"line":473,"column":39},"end":{"line":494,"column":3}},"line":473},"24":{"name":"(anonymous_24)","decl":{"start":{"line":474,"column":22},"end":{"line":474,"column":23}},"loc":{"start":{"line":474,"column":43},"end":{"line":493,"column":4}},"line":474}},"branchMap":{"0":{"loc":{"start":{"line":111,"column":3},"end":{"line":114,"column":4}},"type":"if","locations":[{"start":{"line":111,"column":3},"end":{"line":114,"column":4}},{"start":{"line":111,"column":3},"end":{"line":114,"column":4}}],"line":111},"1":{"loc":{"start":{"line":130,"column":3},"end":{"line":133,"column":4}},"type":"if","locations":[{"start":{"line":130,"column":3},"end":{"line":133,"column":4}},{"start":{"line":130,"column":3},"end":{"line":133,"column":4}}],"line":130},"2":{"loc":{"start":{"line":153,"column":4},"end":{"line":163,"column":5}},"type":"if","locations":[{"start":{"line":153,"column":4},"end":{"line":163,"column":5}},{"start":{"line":153,"column":4},"end":{"line":163,"column":5}}],"line":153},"3":{"loc":{"start":{"line":155,"column":5},"end":{"line":162,"column":6}},"type":"if","locations":[{"start":{"line":155,"column":5},"end":{"line":162,"column":6}},{"start":{"line":155,"column":5},"end":{"line":162,"column":6}}],"line":155},"4":{"loc":{"start":{"line":184,"column":4},"end":{"line":218,"column":5}},"type":"if","locations":[{"start":{"line":184,"column":4},"end":{"line":218,"column":5}},{"start":{"line":184,"column":4},"end":{"line":218,"column":5}}],"line":184},"5":{"loc":{"start":{"line":185,"column":5},"end":{"line":205,"column":6}},"type":"switch","locations":[{"start":{"line":186,"column":6},"end":{"line":191,"column":13}},{"start":{"line":192,"column":6},"end":{"line":198,"column":13}},{"start":{"line":199,"column":6},"end":{"line":204,"column":13}}],"line":185},"6":{"loc":{"start":{"line":206,"column":5},"end":{"line":216,"column":6}},"type":"if","locations":[{"start":{"line":206,"column":5},"end":{"line":216,"column":6}},{"start":{"line":206,"column":5},"end":{"line":216,"column":6}}],"line":206},"7":{"loc":{"start":{"line":212,"column":6},"end":{"line":215,"column":7}},"type":"if","locations":[{"start":{"line":212,"column":6},"end":{"line":215,"column":7}},{"start":{"line":212,"column":6},"end":{"line":215,"column":7}}],"line":212},"8":{"loc":{"start":{"line":224,"column":3},"end":{"line":227,"column":4}},"type":"if","locations":[{"start":{"line":224,"column":3},"end":{"line":227,"column":4}},{"start":{"line":224,"column":3},"end":{"line":227,"column":4}}],"line":224},"9":{"loc":{"start":{"line":248,"column":3},"end":{"line":287,"column":8}},"type":"cond-expr","locations":[{"start":{"line":249,"column":6},"end":{"line":256,"column":8}},{"start":{"line":257,"column":6},"end":{"line":287,"column":8}}],"line":248},"10":{"loc":{"start":{"line":388,"column":3},"end":{"line":409,"column":4}},"type":"switch","locations":[{"start":{"line":389,"column":4},"end":{"line":390,"column":30}},{"start":{"line":391,"column":4},"end":{"line":392,"column":32}},{"start":{"line":393,"column":4},"end":{"line":394,"column":34}},{"start":{"line":395,"column":4},"end":{"line":396,"column":35}},{"start":{"line":397,"column":4},"end":{"line":398,"column":35}},{"start":{"line":399,"column":4},"end":{"line":400,"column":40}},{"start":{"line":401,"column":4},"end":{"line":402,"column":40}},{"start":{"line":403,"column":4},"end":{"line":404,"column":40}},{"start":{"line":405,"column":4},"end":{"line":406,"column":40}},{"start":{"line":407,"column":4},"end":{"line":408,"column":16}}],"line":388},"11":{"loc":{"start":{"line":419,"column":21},"end":{"line":419,"column":64}},"type":"binary-expr","locations":[{"start":{"line":419,"column":21},"end":{"line":419,"column":44}},{"start":{"line":419,"column":48},"end":{"line":419,"column":64}}],"line":419},"12":{"loc":{"start":{"line":429,"column":22},"end":{"line":429,"column":65}},"type":"binary-expr","locations":[{"start":{"line":429,"column":22},"end":{"line":429,"column":45}},{"start":{"line":429,"column":49},"end":{"line":429,"column":65}}],"line":429},"13":{"loc":{"start":{"line":439,"column":21},"end":{"line":439,"column":64}},"type":"binary-expr","locations":[{"start":{"line":439,"column":21},"end":{"line":439,"column":44}},{"start":{"line":439,"column":48},"end":{"line":439,"column":64}}],"line":439},"14":{"loc":{"start":{"line":442,"column":6},"end":{"line":442,"column":126}},"type":"if","locations":[{"start":{"line":442,"column":6},"end":{"line":442,"column":126}},{"start":{"line":442,"column":6},"end":{"line":442,"column":126}}],"line":442},"15":{"loc":{"start":{"line":451,"column":21},"end":{"line":451,"column":88}},"type":"binary-expr","locations":[{"start":{"line":451,"column":21},"end":{"line":451,"column":44}},{"start":{"line":451,"column":48},"end":{"line":451,"column":64}},{"start":{"line":451,"column":68},"end":{"line":451,"column":88}}],"line":451},"16":{"loc":{"start":{"line":454,"column":6},"end":{"line":454,"column":126}},"type":"if","locations":[{"start":{"line":454,"column":6},"end":{"line":454,"column":126}},{"start":{"line":454,"column":6},"end":{"line":454,"column":126}}],"line":454},"17":{"loc":{"start":{"line":476,"column":5},"end":{"line":487,"column":6}},"type":"if","locations":[{"start":{"line":476,"column":5},"end":{"line":487,"column":6}},{"start":{"line":476,"column":5},"end":{"line":487,"column":6}}],"line":476}},"s":{"0":1,"1":1,"2":1,"3":1,"4":1,"5":1,"6":1,"7":1,"8":1,"9":1,"10":1,"11":1,"12":1,"13":1,"14":1,"15":1,"16":1,"17":1,"18":1,"19":1,"20":1,"21":1,"22":1,"23":1,"24":1,"25":1,"26":1,"27":1,"28":0,"29":0,"30":0,"31":0,"32":0,"33":0,"34":0,"35":0,"36":0,"37":0,"38":0,"39":0,"40":0,"41":0,"42":0,"43":0,"44":0,"45":0,"46":0,"47":0,"48":0,"49":0,"50":0,"51":0,"52":0,"53":0,"54":0,"55":0,"56":0,"57":0,"58":0,"59":0,"60":0,"61":0,"62":0,"63":0,"64":0,"65":0,"66":0,"67":0,"68":0,"69":0,"70":0,"71":0,"72":0,"73":0,"74":0,"75":0,"76":0,"77":0,"78":0,"79":0,"80":0,"81":0,"82":0,"83":0,"84":0,"85":0,"86":0,"87":0,"88":0,"89":0,"90":0,"91":0,"92":0,"93":0,"94":0,"95":0,"96":0,"97":0,"98":0,"99":0,"100":0,"101":0,"102":0,"103":0,"104":0,"105":0,"106":0,"107":0,"108":0,"109":0,"110":0,"111":0,"112":0,"113":0,"114":0,"115":0,"116":0,"117":0,"118":0,"119":0,"120":0,"121":0,"122":0,"123":0,"124":0,"125":0,"126":0,"127":0,"128":0,"129":0,"130":0,"131":0,"132":0,"133":0,"134":0,"135":0,"136":0,"137":0,"138":0,"139":0,"140":0,"141":0,"142":0,"143":0,"144":0,"145":0,"146":0,"147":0,"148":0,"149":0,"150":0,"151":0,"152":0,"153":0,"154":0,"155":0,"156":0,"157":0,"158":0,"159":0,"160":0,"161":0,"162":0,"163":0,"164":0,"165":0,"166":0,"167":0,"168":0,"169":0,"170":0,"171":0,"172":0,"173":0,"174":0,"175":0,"176":0,"177":0,"178":0,"179":0,"180":0,"181":0,"182":0,"183":0,"184":0,"185":0,"186":0,"187":0,"188":0,"189":0,"190":0,"191":0,"192":0,"193":0,"194":0,"195":0},"f":{"0":1,"1":1,"2":1,"3":0,"4":0,"5":0,"6":0,"7":0,"8":0,"9":0,"10":0,"11":0,"12":0,"13":0,"14":0,"15":0,"16":0,"17":0,"18":0,"19":0,"20":0,"21":0,"22":0,"23":0,"24":0},"b":{"0":[0,0],"1":[0,0],"2":[0,0],"3":[0,0],"4":[0,0],"5":[0,0,0],"6":[0,0],"7":[0,0],"8":[0,0],"9":[0,0],"10":[0,0,0,0,0,0,0,0,0,0],"11":[0,0],"12":[0,0],"13":[0,0],"14":[0,0],"15":[0,0,0],"16":[0,0],"17":[0,0]},"_coverageSchema":"332fd63041d2c1bcb487cc26dd0d5f7d97098a6c","hash":"c6eda603911f9201d857b61da281c2de383f85ae"}
}
