TN:
SF:/Users/ronerlih/development/psycrop/scripts/imageAnalysis.js
FN:14,(anonymous_0)
FN:26,(anonymous_1)
FN:27,(anonymous_2)
FN:144,(anonymous_3)
FN:289,setPrecision
FN:292,weightedAverageThree
FN:300,getDistances
FN:369,(anonymous_7)
FN:387,mapDistancesName
FN:412,getWeightedAverageDistance
FN:419,(anonymous_10)
FN:420,(anonymous_11)
FN:425,getAverageDistance
FN:429,(anonymous_13)
FN:430,(anonymous_14)
FN:437,getShortestDistance
FN:439,(anonymous_16)
FN:441,(anonymous_17)
FN:449,getSecondShortestDistance
FN:451,(anonymous_19)
FN:453,(anonymous_20)
FN:461,calcDistancePercentage
FN:466,calcBalancePercentage
FN:473,saveImg
FN:474,(anonymous_24)
FNF:25
FNH:3
FNDA:1,(anonymous_0)
FNDA:1,(anonymous_1)
FNDA:1,(anonymous_2)
FNDA:0,(anonymous_3)
FNDA:0,setPrecision
FNDA:0,weightedAverageThree
FNDA:0,getDistances
FNDA:0,(anonymous_7)
FNDA:0,mapDistancesName
FNDA:0,getWeightedAverageDistance
FNDA:0,(anonymous_10)
FNDA:0,(anonymous_11)
FNDA:0,getAverageDistance
FNDA:0,(anonymous_13)
FNDA:0,(anonymous_14)
FNDA:0,getShortestDistance
FNDA:0,(anonymous_16)
FNDA:0,(anonymous_17)
FNDA:0,getSecondShortestDistance
FNDA:0,(anonymous_19)
FNDA:0,(anonymous_20)
FNDA:0,calcDistancePercentage
FNDA:0,calcBalancePercentage
FNDA:0,saveImg
FNDA:0,(anonymous_24)
DA:2,1
DA:3,1
DA:4,1
DA:11,1
DA:13,1
DA:15,1
DA:27,1
DA:30,1
DA:31,1
DA:32,1
DA:34,1
DA:35,1
DA:36,1
DA:37,1
DA:38,1
DA:39,1
DA:45,1
DA:48,1
DA:55,1
DA:57,1
DA:58,1
DA:59,1
DA:60,1
DA:61,1
DA:66,1
DA:67,1
DA:69,1
DA:70,1
DA:80,0
DA:82,0
DA:83,0
DA:84,0
DA:86,0
DA:89,0
DA:103,0
DA:106,0
DA:109,0
DA:111,0
DA:112,0
DA:113,0
DA:117,0
DA:119,0
DA:123,0
DA:124,0
DA:128,0
DA:130,0
DA:131,0
DA:132,0
DA:137,0
DA:138,0
DA:139,0
DA:140,0
DA:141,0
DA:142,0
DA:144,0
DA:146,0
DA:147,0
DA:150,0
DA:153,0
DA:154,0
DA:155,0
DA:156,0
DA:157,0
DA:159,0
DA:160,0
DA:166,0
DA:169,0
DA:175,0
DA:176,0
DA:184,0
DA:185,0
DA:187,0
DA:188,0
DA:189,0
DA:190,0
DA:191,0
DA:193,0
DA:194,0
DA:195,0
DA:196,0
DA:198,0
DA:200,0
DA:201,0
DA:202,0
DA:203,0
DA:204,0
DA:206,0
DA:207,0
DA:208,0
DA:210,0
DA:212,0
DA:213,0
DA:214,0
DA:217,0
DA:219,0
DA:220,0
DA:222,0
DA:224,0
DA:225,0
DA:226,0
DA:230,0
DA:231,0
DA:232,0
DA:235,0
DA:236,0
DA:239,0
DA:240,0
DA:241,0
DA:242,0
DA:243,0
DA:244,0
DA:245,0
DA:246,0
DA:248,0
DA:290,0
DA:293,0
DA:303,0
DA:310,0
DA:313,0
DA:316,0
DA:317,0
DA:320,0
DA:321,0
DA:324,0
DA:325,0
DA:328,0
DA:329,0
DA:332,0
DA:333,0
DA:336,0
DA:337,0
DA:340,0
DA:341,0
DA:344,0
DA:345,0
DA:348,0
DA:349,0
DA:352,0
DA:353,0
DA:356,0
DA:357,0
DA:360,0
DA:361,0
DA:364,0
DA:367,0
DA:370,0
DA:371,0
DA:384,0
DA:388,0
DA:390,0
DA:392,0
DA:394,0
DA:396,0
DA:398,0
DA:400,0
DA:402,0
DA:404,0
DA:406,0
DA:408,0
DA:413,0
DA:414,0
DA:415,0
DA:416,0
DA:418,0
DA:419,0
DA:420,0
DA:422,0
DA:426,0
DA:427,0
DA:429,0
DA:431,0
DA:432,0
DA:438,0
DA:439,0
DA:442,0
DA:443,0
DA:450,0
DA:451,0
DA:454,0
DA:455,0
DA:462,0
DA:463,0
DA:467,0
DA:469,0
DA:470,0
DA:474,0
DA:475,0
DA:476,0
DA:477,0
DA:484,0
DA:486,0
DA:489,0
DA:490,0
DA:491,0
LF:194
LH:28
BRDA:111,0,0,0
BRDA:111,0,1,0
BRDA:130,1,0,0
BRDA:130,1,1,0
BRDA:153,2,0,0
BRDA:153,2,1,0
BRDA:155,3,0,0
BRDA:155,3,1,0
BRDA:184,4,0,0
BRDA:184,4,1,0
BRDA:185,5,0,0
BRDA:185,5,1,0
BRDA:185,5,2,0
BRDA:206,6,0,0
BRDA:206,6,1,0
BRDA:212,7,0,0
BRDA:212,7,1,0
BRDA:224,8,0,0
BRDA:224,8,1,0
BRDA:248,9,0,0
BRDA:248,9,1,0
BRDA:388,10,0,0
BRDA:388,10,1,0
BRDA:388,10,2,0
BRDA:388,10,3,0
BRDA:388,10,4,0
BRDA:388,10,5,0
BRDA:388,10,6,0
BRDA:388,10,7,0
BRDA:388,10,8,0
BRDA:388,10,9,0
BRDA:419,11,0,0
BRDA:419,11,1,0
BRDA:429,12,0,0
BRDA:429,12,1,0
BRDA:439,13,0,0
BRDA:439,13,1,0
BRDA:442,14,0,0
BRDA:442,14,1,0
BRDA:451,15,0,0
BRDA:451,15,1,0
BRDA:451,15,2,0
BRDA:454,16,0,0
BRDA:454,16,1,0
BRDA:476,17,0,0
BRDA:476,17,1,0
BRF:46
BRH:0
end_of_record
