TN:
SF:scripts/imageAnalysis.js
FN:13,(anonymous_0)
FN:24,(anonymous_1)
FN:25,(anonymous_2)
FN:143,(anonymous_3)
FN:266,weightedAverageThree
FN:274,getDistances
FN:348,(anonymous_6)
FN:363,getWeightedAverageAestheticScore
FN:372,getAverageAestheticScore
FN:375,(anonymous_9)
FN:376,(anonymous_10)
FN:382,getHighestAestheticScore
FN:384,(anonymous_12)
FN:385,(anonymous_13)
FN:391,calcBalancePercentage
FN:398,calcDistancePercentage
FN:402,saveImg
FN:403,(anonymous_17)
FNF:18
FNH:1
FNDA:1,(anonymous_0)
FNDA:0,(anonymous_1)
FNDA:0,(anonymous_2)
FNDA:0,(anonymous_3)
FNDA:0,weightedAverageThree
FNDA:0,getDistances
FNDA:0,(anonymous_6)
FNDA:0,getWeightedAverageAestheticScore
FNDA:0,getAverageAestheticScore
FNDA:0,(anonymous_9)
FNDA:0,(anonymous_10)
FNDA:0,getHighestAestheticScore
FNDA:0,(anonymous_12)
FNDA:0,(anonymous_13)
FNDA:0,calcBalancePercentage
FNDA:0,calcDistancePercentage
FNDA:0,saveImg
FNDA:0,(anonymous_17)
DA:2,1
DA:3,1
DA:4,1
DA:12,1
DA:14,1
DA:25,0
DA:29,0
DA:30,0
DA:31,0
DA:33,0
DA:34,0
DA:35,0
DA:36,0
DA:37,0
DA:38,0
DA:44,0
DA:47,0
DA:54,0
DA:56,0
DA:57,0
DA:58,0
DA:59,0
DA:60,0
DA:65,0
DA:66,0
DA:68,0
DA:69,0
DA:79,0
DA:80,0
DA:81,0
DA:82,0
DA:85,0
DA:88,0
DA:102,0
DA:105,0
DA:108,0
DA:110,0
DA:112,0
DA:116,0
DA:118,0
DA:122,0
DA:123,0
DA:127,0
DA:129,0
DA:131,0
DA:136,0
DA:137,0
DA:138,0
DA:139,0
DA:140,0
DA:141,0
DA:143,0
DA:145,0
DA:146,0
DA:149,0
DA:152,0
DA:153,0
DA:154,0
DA:155,0
DA:156,0
DA:158,0
DA:159,0
DA:165,0
DA:168,0
DA:174,0
DA:183,0
DA:184,0
DA:186,0
DA:187,0
DA:188,0
DA:189,0
DA:190,0
DA:192,0
DA:193,0
DA:194,0
DA:195,0
DA:197,0
DA:199,0
DA:200,0
DA:201,0
DA:202,0
DA:204,0
DA:207,0
DA:208,0
DA:209,0
DA:211,0
DA:213,0
DA:214,0
DA:219,0
DA:221,0
DA:222,0
DA:224,0
DA:226,0
DA:228,0
DA:233,0
DA:234,0
DA:235,0
DA:238,0
DA:241,0
DA:242,0
DA:243,0
DA:244,0
DA:245,0
DA:246,0
DA:247,0
DA:248,0
DA:250,0
DA:267,0
DA:277,0
DA:284,0
DA:287,0
DA:290,0
DA:292,0
DA:296,0
DA:297,0
DA:301,0
DA:304,0
DA:308,0
DA:311,0
DA:315,0
DA:316,0
DA:320,0
DA:321,0
DA:325,0
DA:326,0
DA:330,0
DA:331,0
DA:335,0
DA:338,0
DA:342,0
DA:346,0
DA:348,0
DA:360,0
DA:364,0
DA:365,0
DA:366,0
DA:367,0
DA:369,0
DA:373,0
DA:374,0
DA:375,0
DA:377,0
DA:378,0
DA:383,0
DA:384,0
DA:386,0
DA:387,0
DA:392,0
DA:394,0
DA:395,0
DA:399,0
DA:400,0
DA:403,0
DA:404,0
DA:405,0
DA:411,0
DA:413,0
DA:414,0
DA:415,0
LF:159
LH:5
BRDA:110,0,0,0
BRDA:110,0,1,0
BRDA:129,1,0,0
BRDA:129,1,1,0
BRDA:152,2,0,0
BRDA:152,2,1,0
BRDA:154,3,0,0
BRDA:154,3,1,0
BRDA:183,4,0,0
BRDA:183,4,1,0
BRDA:184,5,0,0
BRDA:184,5,1,0
BRDA:184,5,2,0
BRDA:184,5,3,0
BRDA:207,6,0,0
BRDA:207,6,1,0
BRDA:213,7,0,0
BRDA:213,7,1,0
BRDA:226,8,0,0
BRDA:226,8,1,0
BRDA:375,9,0,0
BRDA:375,9,1,0
BRDA:386,10,0,0
BRDA:386,10,1,0
BRF:24
BRH:0
end_of_record
